<?xml version="1.0" encoding="utf-8"?><testsuites><testsuite name="pytest" errors="0" failures="0" skipped="0" tests="3" time="0.571" timestamp="2024-04-22T23:16:26.666756" hostname="64da93f3637b"><testcase classname="tests.test_prediction" name="test_single_pred_not_none" time="0.017" /><testcase classname="tests.test_prediction" name="test_single_pred_str_type" time="0.015" /><testcase classname="tests.test_prediction" name="test_single_pred_validate" time="0.015" /></testsuite></testsuites>